<?xml version="1.0" encoding="UTF-8"?>
<!--suppress RequiredBeanTypeInspection -->
<beans xmlns="http://www.springframework.org/schema/beans"
       xmlns:xsi="http://www.w3.org/2001/XMLSchema-instance"
       xmlns:context="http://www.springframework.org/schema/context"
       xsi:schemaLocation="http://www.springframework.org/schema/beans http://www.springframework.org/schema/beans/spring-beans.xsd http://www.springframework.org/schema/context http://www.springframework.org/schema/context/spring-context.xsd">

    <bean class="cz.janys.foosballbot.config.JpaConfig"/>
    <bean class="cz.janys.foosballbot.config.JpaRepositoryConfig"/>
    <bean class="cz.janys.foosballbot.config.DatabaseConfig"/>

    <bean class="org.springframework.context.annotation.ConfigurationClassPostProcessor"/>
</beans>



